c:\users\brian\downloads\smiley\smiley\x64\debug\vc142.pdb
c:\users\brian\downloads\smiley\smiley\x64\debug\vc142.idb
c:\users\brian\downloads\smiley\smiley\x64\debug\smiley.obj
c:\users\brian\downloads\smiley\x64\debug\smileyassignment.ilk
c:\users\brian\downloads\smiley\x64\debug\smileyassignment.exe
c:\users\brian\downloads\smiley\x64\debug\smileyassignment.pdb
c:\users\brian\downloads\smiley\smiley\x64\debug\smiley.res
c:\users\brian\onedrive - singapore polytechnic\ay1920 s2\st0298  interactive computer graphics\visual studio\igra_assignment1\smiley\x64\debug\smiley.obj
c:\users\brian\onedrive - singapore polytechnic\ay1920 s2\st0298  interactive computer graphics\visual studio\igra_assignment1\smiley\x64\debug\smiley.res
c:\users\brian\onedrive - singapore polytechnic\ay1920 s2\st0298  interactive computer graphics\visual studio\igra_assignment1\smiley\x64\debug\vc142.idb
c:\users\brian\onedrive - singapore polytechnic\ay1920 s2\st0298  interactive computer graphics\visual studio\igra_assignment1\smiley\x64\debug\vc142.pdb
c:\users\brian\onedrive - singapore polytechnic\ay1920 s2\st0298  interactive computer graphics\visual studio\igra_assignment1\x64\debug\smileyassignment.pdb
c:\users\brian\onedrive - singapore polytechnic\ay1920 s2\st0298  interactive computer graphics\visual studio\igra_assignment1\x64\debug\smileyassignment.exe
c:\users\brian\onedrive - singapore polytechnic\ay1920 s2\st0298  interactive computer graphics\visual studio\igra_assignment1\x64\debug\smileyassignment.ilk
c:\users\brian\onedrive - singapore polytechnic\ay1920 s2\st0298  interactive computer graphics\visual studio\igra_assignment1\smiley\x64\debug\smileyassignment.tlog\cl.command.1.tlog
c:\users\brian\onedrive - singapore polytechnic\ay1920 s2\st0298  interactive computer graphics\visual studio\igra_assignment1\smiley\x64\debug\smileyassignment.tlog\cl.read.1.tlog
c:\users\brian\onedrive - singapore polytechnic\ay1920 s2\st0298  interactive computer graphics\visual studio\igra_assignment1\smiley\x64\debug\smileyassignment.tlog\cl.write.1.tlog
c:\users\brian\onedrive - singapore polytechnic\ay1920 s2\st0298  interactive computer graphics\visual studio\igra_assignment1\smiley\x64\debug\smileyassignment.tlog\link.command.1.tlog
c:\users\brian\onedrive - singapore polytechnic\ay1920 s2\st0298  interactive computer graphics\visual studio\igra_assignment1\smiley\x64\debug\smileyassignment.tlog\link.read.1.tlog
c:\users\brian\onedrive - singapore polytechnic\ay1920 s2\st0298  interactive computer graphics\visual studio\igra_assignment1\smiley\x64\debug\smileyassignment.tlog\link.write.1.tlog
c:\users\brian\onedrive - singapore polytechnic\ay1920 s2\st0298  interactive computer graphics\visual studio\igra_assignment1\smiley\x64\debug\smileyassignment.tlog\rc.command.1.tlog
c:\users\brian\onedrive - singapore polytechnic\ay1920 s2\st0298  interactive computer graphics\visual studio\igra_assignment1\smiley\x64\debug\smileyassignment.tlog\rc.read.1.tlog
c:\users\brian\onedrive - singapore polytechnic\ay1920 s2\st0298  interactive computer graphics\visual studio\igra_assignment1\smiley\x64\debug\smileyassignment.tlog\rc.write.1.tlog
